2025-10-04 10:04:14,559 - INFO - Memulai analisis sentimen: D:\sound-horeg-youtube\data\master_csv\sound_horeg_cleaned.csv
2025-10-04 10:06:01,878 - INFO - Memulai analisis sentimen: D:\sound-horeg-youtube\data\master_csv\sound_horeg_cleaned.csv
2025-10-04 10:06:02,057 - INFO - Analisis sentimen selesai, hasil disimpan di: D:\sound-horeg-youtube\data\master_csv\sound_horeg_sentiment.csv
2025-10-04 14:25:03,419 - INFO - Memuat model IndoBERT untuk analisis sentimen...
2025-10-04 14:25:10,393 - WARNING - Xet Storage is enabled for this repo, but the 'hf_xet' package is not installed. Falling back to regular HTTP download. For better performance, install the package with: `pip install huggingface_hub[hf_xet]` or `pip install hf_xet`
2025-10-04 14:28:40,243 - WARNING - Error while downloading from https://huggingface.co/indobenchmark/indobert-base-p1/resolve/main/pytorch_model.bin: HTTPSConnectionPool(host='cas-bridge.xethub.hf.co', port=443): Read timed out.
Trying to resume download...
2025-10-04 14:28:41,250 - WARNING - '(MaxRetryError('HTTPSConnectionPool(host=\'huggingface.co\', port=443): Max retries exceeded with url: /indobenchmark/indobert-base-p1/resolve/main/pytorch_model.bin (Caused by NameResolutionError("<urllib3.connection.HTTPSConnection object at 0x000001C047E17EF0>: Failed to resolve \'huggingface.co\' ([Errno 11001] getaddrinfo failed)"))'), '(Request ID: aa765386-000a-437f-a1c3-05b8a64f270b)')' thrown while requesting GET https://huggingface.co/indobenchmark/indobert-base-p1/resolve/main/pytorch_model.bin
2025-10-04 14:28:41,255 - WARNING - Retrying in 1s [Retry 1/5].
2025-10-04 14:28:42,261 - WARNING - '(MaxRetryError('HTTPSConnectionPool(host=\'huggingface.co\', port=443): Max retries exceeded with url: /indobenchmark/indobert-base-p1/resolve/main/pytorch_model.bin (Caused by NameResolutionError("<urllib3.connection.HTTPSConnection object at 0x000001C047E34290>: Failed to resolve \'huggingface.co\' ([Errno 11001] getaddrinfo failed)"))'), '(Request ID: ee89d23b-6a3c-4114-90e0-8f15e5424112)')' thrown while requesting GET https://huggingface.co/indobenchmark/indobert-base-p1/resolve/main/pytorch_model.bin
2025-10-04 14:28:42,265 - WARNING - Retrying in 2s [Retry 2/5].
2025-10-04 14:28:44,269 - WARNING - '(MaxRetryError('HTTPSConnectionPool(host=\'huggingface.co\', port=443): Max retries exceeded with url: /indobenchmark/indobert-base-p1/resolve/main/pytorch_model.bin (Caused by NameResolutionError("<urllib3.connection.HTTPSConnection object at 0x000001C047E34650>: Failed to resolve \'huggingface.co\' ([Errno 11001] getaddrinfo failed)"))'), '(Request ID: 66245d69-8c61-4c56-a6db-0cd175aa5b70)')' thrown while requesting GET https://huggingface.co/indobenchmark/indobert-base-p1/resolve/main/pytorch_model.bin
2025-10-04 14:28:44,270 - WARNING - Retrying in 4s [Retry 3/5].
2025-10-04 14:28:48,281 - WARNING - '(MaxRetryError('HTTPSConnectionPool(host=\'huggingface.co\', port=443): Max retries exceeded with url: /indobenchmark/indobert-base-p1/resolve/main/pytorch_model.bin (Caused by NameResolutionError("<urllib3.connection.HTTPSConnection object at 0x000001C047E17BF0>: Failed to resolve \'huggingface.co\' ([Errno 11001] getaddrinfo failed)"))'), '(Request ID: a6f067fc-a248-451e-9d30-a5b0bfbb7729)')' thrown while requesting GET https://huggingface.co/indobenchmark/indobert-base-p1/resolve/main/pytorch_model.bin
2025-10-04 14:28:48,283 - WARNING - Retrying in 8s [Retry 4/5].
2025-10-04 14:28:56,285 - WARNING - '(MaxRetryError('HTTPSConnectionPool(host=\'huggingface.co\', port=443): Max retries exceeded with url: /indobenchmark/indobert-base-p1/resolve/main/pytorch_model.bin (Caused by NameResolutionError("<urllib3.connection.HTTPSConnection object at 0x000001C047E348C0>: Failed to resolve \'huggingface.co\' ([Errno 11001] getaddrinfo failed)"))'), '(Request ID: b904c2c0-bcea-4038-97d1-5a47e38c7a52)')' thrown while requesting GET https://huggingface.co/indobenchmark/indobert-base-p1/resolve/main/pytorch_model.bin
2025-10-04 14:28:56,291 - WARNING - Retrying in 8s [Retry 5/5].
2025-10-04 14:29:04,297 - WARNING - '(MaxRetryError('HTTPSConnectionPool(host=\'huggingface.co\', port=443): Max retries exceeded with url: /indobenchmark/indobert-base-p1/resolve/main/pytorch_model.bin (Caused by NameResolutionError("<urllib3.connection.HTTPSConnection object at 0x000001C047E34620>: Failed to resolve \'huggingface.co\' ([Errno 11001] getaddrinfo failed)"))'), '(Request ID: 4e93cee3-f1b0-4146-91b7-23cd38ad402a)')' thrown while requesting GET https://huggingface.co/indobenchmark/indobert-base-p1/resolve/main/pytorch_model.bin
2025-10-04 14:32:07,181 - INFO - Memuat model IndoBERT untuk analisis sentimen...
2025-10-04 14:32:14,023 - WARNING - Xet Storage is enabled for this repo, but the 'hf_xet' package is not installed. Falling back to regular HTTP download. For better performance, install the package with: `pip install huggingface_hub[hf_xet]` or `pip install hf_xet`
2025-10-04 14:32:27,995 - WARNING - Xet Storage is enabled for this repo, but the 'hf_xet' package is not installed. Falling back to regular HTTP download. For better performance, install the package with: `pip install huggingface_hub[hf_xet]` or `pip install hf_xet`
2025-10-04 14:33:07,913 - INFO - Analisis sentimen selesai. Hasil disimpan di D:\sound-horeg-youtube\src\..\data\master_csv\sound_horeg_sentiment.csv
2025-10-04 14:35:45,775 - WARNING - Error while downloading from https://huggingface.co/indobenchmark/indobert-base-p1/resolve/refs%2Fpr%2F5/model.safetensors: HTTPSConnectionPool(host='cas-bridge.xethub.hf.co', port=443): Read timed out.
Trying to resume download...
2025-10-04 14:35:46,800 - WARNING - '(MaxRetryError('HTTPSConnectionPool(host=\'huggingface.co\', port=443): Max retries exceeded with url: /indobenchmark/indobert-base-p1/resolve/refs%2Fpr%2F5/model.safetensors (Caused by NameResolutionError("<urllib3.connection.HTTPSConnection object at 0x000001B6F045A570>: Failed to resolve \'huggingface.co\' ([Errno 11001] getaddrinfo failed)"))'), '(Request ID: 96392590-2c18-4e9d-a482-b487048d8e25)')' thrown while requesting GET https://huggingface.co/indobenchmark/indobert-base-p1/resolve/refs%2Fpr%2F5/model.safetensors
2025-10-04 14:35:46,810 - WARNING - Retrying in 1s [Retry 1/5].
2025-10-04 14:35:47,817 - WARNING - '(MaxRetryError('HTTPSConnectionPool(host=\'huggingface.co\', port=443): Max retries exceeded with url: /indobenchmark/indobert-base-p1/resolve/refs%2Fpr%2F5/model.safetensors (Caused by NameResolutionError("<urllib3.connection.HTTPSConnection object at 0x000001B6DBE95490>: Failed to resolve \'huggingface.co\' ([Errno 11001] getaddrinfo failed)"))'), '(Request ID: 21fa31b0-d422-46b7-a190-6ff834f81bdc)')' thrown while requesting GET https://huggingface.co/indobenchmark/indobert-base-p1/resolve/refs%2Fpr%2F5/model.safetensors
2025-10-04 14:35:47,819 - WARNING - Retrying in 2s [Retry 2/5].
2025-10-04 14:38:49,433 - INFO - Memuat model IndoBERT untuk analisis sentimen...
2025-10-04 14:39:39,479 - INFO - Analisis sentimen selesai. Hasil disimpan di D:\sound-horeg-youtube\src\..\data\master_csv\sound_horeg_sentiment.csv
